<?xml version="1.0" encoding="UTF-8"?>
<testng-results ignored="6" total="10" passed="4" failed="0" skipped="0">
  <reporter-output>
  </reporter-output>
  <suite started-at="2022-07-18T23:15:56 IST" name="Suite" finished-at="2022-07-18T23:16:40 IST" duration-ms="43869">
    <groups>
    </groups>
    <test started-at="2022-07-18T23:15:56 IST" name="Test" finished-at="2022-07-18T23:16:40 IST" duration-ms="43869">
      <class name="com.qa.testcases.Test004">
        <test-method signature="method4()[pri:1, instance:com.qa.testcases.Test004@306e95ec]" started-at="2022-07-18T23:16:33 IST" name="method4" finished-at="2022-07-18T23:16:40 IST" duration-ms="6177" status="PASS">
          <reporter-output>
          </reporter-output>
        </test-method> <!-- method4 -->
      </class> <!-- com.qa.testcases.Test004 -->
      <class name="com.qa.testcases.Test002">
        <test-method signature="method2()[pri:1, instance:com.qa.testcases.Test002@74751b3]" started-at="2022-07-18T23:16:04 IST" name="method2" finished-at="2022-07-18T23:16:23 IST" duration-ms="18546" status="PASS">
          <reporter-output>
          </reporter-output>
        </test-method> <!-- method2 -->
      </class> <!-- com.qa.testcases.Test002 -->
      <class name="com.qa.testcases.Test003">
        <test-method signature="method3()[pri:1, instance:com.qa.testcases.Test003@741a8937]" started-at="2022-07-18T23:16:23 IST" name="method3" finished-at="2022-07-18T23:16:33 IST" duration-ms="10615" status="PASS">
          <reporter-output>
          </reporter-output>
        </test-method> <!-- method3 -->
      </class> <!-- com.qa.testcases.Test003 -->
      <class name="com.qa.testcases.Test001">
        <test-method is-config="true" signature="start()[pri:0, instance:com.qa.testcases.Test001@4fb3ee4e]" started-at="2022-07-18T23:15:51 IST" name="start" finished-at="2022-07-18T23:15:56 IST" duration-ms="4890" status="PASS">
          <reporter-output>
          </reporter-output>
        </test-method> <!-- start -->
        <test-method signature="method1()[pri:1, instance:com.qa.testcases.Test001@4fb3ee4e]" started-at="2022-07-18T23:15:56 IST" name="method1" finished-at="2022-07-18T23:16:04 IST" duration-ms="8480" status="PASS">
          <reporter-output>
          </reporter-output>
        </test-method> <!-- method1 -->
        <test-method is-config="true" signature="end()[pri:0, instance:com.qa.testcases.Test001@4fb3ee4e]" started-at="2022-07-18T23:16:40 IST" name="end" finished-at="2022-07-18T23:16:40 IST" duration-ms="122" status="PASS">
          <reporter-output>
          </reporter-output>
        </test-method> <!-- end -->
      </class> <!-- com.qa.testcases.Test001 -->
    </test> <!-- Test -->
  </suite> <!-- Suite -->
</testng-results>
