<?xml version="1.0" encoding="UTF-8"?>
<!-- Generated by org.testng.reporters.JUnitXMLReporter -->
<testsuite ignored="6" hostname="Prakriti-Sharma.local" failures="0" tests="4" name="Test" time="43.869" errors="0" timestamp="2022-07-18T23:16:40 IST">
  <testcase classname="com.qa.testcases.Test001" name="method1" time="8.48"/>
  <testcase classname="com.qa.testcases.Test002" name="method2" time="18.546"/>
  <testcase classname="com.qa.testcases.Test003" name="method3" time="10.615"/>
  <testcase classname="com.qa.testcases.Test004" name="method4" time="6.177"/>
  <testcase classname="com.qa.Utility.BaseClass" name="@BeforeSuite start" time="0.0">
    <ignored/>
  </testcase> <!-- @BeforeSuite start -->
  <testcase classname="com.qa.Utility.BaseClass" name="@BeforeSuite start" time="0.0">
    <ignored/>
  </testcase> <!-- @BeforeSuite start -->
  <testcase classname="com.qa.Utility.BaseClass" name="@BeforeSuite start" time="0.0">
    <ignored/>
  </testcase> <!-- @BeforeSuite start -->
  <testcase classname="com.qa.Utility.BaseClass" name="@AfterSuite end" time="0.0">
    <ignored/>
  </testcase> <!-- @AfterSuite end -->
  <testcase classname="com.qa.Utility.BaseClass" name="@AfterSuite end" time="0.0">
    <ignored/>
  </testcase> <!-- @AfterSuite end -->
  <testcase classname="com.qa.Utility.BaseClass" name="@AfterSuite end" time="0.0">
    <ignored/>
  </testcase> <!-- @AfterSuite end -->
</testsuite> <!-- Test -->
